Using pre-set license
Built from '2020.3/release' branch; Version is '2020.3.15f2 (6cf78cb77498) revision 7141260'; Using compiler version '192528614'; Build Type 'Release'
OS: 'Windows 10 Home; OS build 22621.2283; Version 2009; 64bit' Language: 'en' Physical Memory: 32593 MB
BatchMode: 1, IsHumanControllingUs: 0, StartBugReporterOnCrash: 0, Is64bit: 1, IsPro: 0

 COMMAND LINE ARGUMENTS:
C:\Program Files\Unity\Hub\Editor\2020.3.15f2\Editor\Unity.exe
-adb2
-batchMode
-noUpm
-name
AssetImportWorker2
-projectPath
C:/UnityProject/braccio-ik-unity/BraccioIKUnity
-logFile
Logs/AssetImportWorker2.log
-srvPort
57101
Successfully changed project path to: C:/UnityProject/braccio-ik-unity/BraccioIKUnity
C:/UnityProject/braccio-ik-unity/BraccioIKUnity
Using Asset Import Pipeline V2.
Refreshing native plugins compatible for Editor in 1029.32 ms, found 13 plugins.
Preloading 1 native plugins for Editor in 39.71 ms.
Initialize engine version: 2020.3.15f2 (6cf78cb77498)
[Subsystems] Discovering subsystems at path C:/Program Files/Unity/Hub/Editor/2020.3.15f2/Editor/Data/Resources/UnitySubsystems
[Subsystems] Discovering subsystems at path C:/UnityProject/braccio-ik-unity/BraccioIKUnity/Assets
GfxDevice: creating device client; threaded=0
